生成启动时间为 2012/10/19 19:02:04。
     1>项目“C:\Users\xm\Documents\GitHub\DSF\DataStructure\DataStructure.vcxproj”在节点 2 上(build 个目标)。
     1>InitializeBuildStatus:
         正在创建“Debug\DataStructure.unsuccessfulbuild”，因为已指定“AlwaysCreate”。
       ClCompile:
         C:\Program Files\Microsoft Visual Studio 10.0\VC\bin\CL.exe /c /Zi /nologo /W3 /WX- /Od /Oy- /D WIN32 /D _DEBUG /D _CONSOLE /D _UNICODE /D UNICODE /Gm /EHsc /RTC1 /MDd /GS /fp:precise /Zc:wchar_t /Zc:forScope /Fo"Debug\\" /Fd"Debug\vc100.pdb" /Gd /TP /analyze- /errorReport:prompt BiSearchTree.cpp
         BiSearchTree.cpp
     1>c:\users\xm\documents\github\dsf\datastructure\bisearchtree.cpp(234): warning C4715: “BiSearchTree<int>::Search”: 不是所有的控件路径都返回值
       ManifestResourceCompile:
         C:\Program Files\Microsoft SDKs\Windows\v7.0A\bin\rc.exe /nologo /fo"Debug\DataStructure.exe.embed.manifest.res" Debug\DataStructure_manifest.rc 
       Link:
         C:\Program Files\Microsoft Visual Studio 10.0\VC\bin\link.exe /ERRORREPORT:PROMPT /OUT:"C:\Users\xm\Documents\GitHub\DSF\Debug\DataStructure.exe" /INCREMENTAL /NOLOGO kernel32.lib user32.lib gdi32.lib winspool.lib comdlg32.lib advapi32.lib shell32.lib ole32.lib oleaut32.lib uuid.lib odbc32.lib odbccp32.lib /MANIFEST /ManifestFile:"Debug\DataStructure.exe.intermediate.manifest" /MANIFESTUAC:"level='asInvoker' uiAccess='false'" /DEBUG /PDB:"C:\Users\xm\Documents\GitHub\DSF\Debug\DataStructure.pdb" /SUBSYSTEM:CONSOLE /TLBID:1 /DYNAMICBASE /NXCOMPAT /IMPLIB:"C:\Users\xm\Documents\GitHub\DSF\Debug\DataStructure.lib" /MACHINE:X86 Debug\DataStructure.exe.embed.manifest.res
         Debug\BiSearchTree.obj
       Manifest:
         C:\Program Files\Microsoft SDKs\Windows\v7.0A\bin\mt.exe /nologo /verbose /out:"Debug\DataStructure.exe.embed.manifest" /manifest Debug\DataStructure.exe.intermediate.manifest
         C:\Program Files\Microsoft SDKs\Windows\v7.0A\bin\rc.exe /nologo /fo"Debug\DataStructure.exe.embed.manifest.res" Debug\DataStructure_manifest.rc 
       LinkEmbedManifest:
         C:\Program Files\Microsoft Visual Studio 10.0\VC\bin\link.exe /ERRORREPORT:PROMPT /OUT:"C:\Users\xm\Documents\GitHub\DSF\Debug\DataStructure.exe" /INCREMENTAL /NOLOGO kernel32.lib user32.lib gdi32.lib winspool.lib comdlg32.lib advapi32.lib shell32.lib ole32.lib oleaut32.lib uuid.lib odbc32.lib odbccp32.lib /MANIFEST /ManifestFile:"Debug\DataStructure.exe.intermediate.manifest" /MANIFESTUAC:"level='asInvoker' uiAccess='false'" /DEBUG /PDB:"C:\Users\xm\Documents\GitHub\DSF\Debug\DataStructure.pdb" /SUBSYSTEM:CONSOLE /TLBID:1 /DYNAMICBASE /NXCOMPAT /IMPLIB:"C:\Users\xm\Documents\GitHub\DSF\Debug\DataStructure.lib" /MACHINE:X86 Debug\DataStructure.exe.embed.manifest.res
         Debug\BiSearchTree.obj
         DataStructure.vcxproj -> C:\Users\xm\Documents\GitHub\DSF\Debug\DataStructure.exe
       FinalizeBuildStatus:
         正在删除文件“Debug\DataStructure.unsuccessfulbuild”。
         正在对“Debug\DataStructure.lastbuildstate”执行 Touch 任务。
     1>已完成生成项目“C:\Users\xm\Documents\GitHub\DSF\DataStructure\DataStructure.vcxproj”(build 个目标)的操作。

生成成功。

已用时间 00:00:02.76
