C:\Users\YXM\Documents\GitHub\DSF\DataStructure\Debug\cl.command.1.tlog
C:\Users\YXM\Documents\GitHub\DSF\DataStructure\Debug\CL.read.1.tlog
C:\Users\YXM\Documents\GitHub\DSF\DataStructure\Debug\CL.write.1.tlog
C:\USERS\YXM\DOCUMENTS\GITHUB\DSF\DATASTRUCTURE\DEBUG\DATASTRUCTURE.EXE.EMBED.MANIFEST
C:\USERS\YXM\DOCUMENTS\GITHUB\DSF\DATASTRUCTURE\DEBUG\DATASTRUCTURE.EXE.EMBED.MANIFEST.RES
C:\USERS\YXM\DOCUMENTS\GITHUB\DSF\DATASTRUCTURE\DEBUG\DATASTRUCTURE.EXE.INTERMEDIATE.MANIFEST
C:\Users\YXM\Documents\GitHub\DSF\DataStructure\Debug\DataStructure.write.1.tlog
C:\Users\YXM\Documents\GitHub\DSF\DataStructure\Debug\DataStructure_manifest.rc
C:\Users\YXM\Documents\GitHub\DSF\DataStructure\Debug\link.8636.read.1.tlog
C:\Users\YXM\Documents\GitHub\DSF\DataStructure\Debug\link.8636.write.1.tlog
C:\Users\YXM\Documents\GitHub\DSF\DataStructure\Debug\link.8636-cvtres.read.1.tlog
C:\Users\YXM\Documents\GitHub\DSF\DataStructure\Debug\link.8636-cvtres.write.1.tlog
C:\Users\YXM\Documents\GitHub\DSF\DataStructure\Debug\link.command.1.tlog
C:\Users\YXM\Documents\GitHub\DSF\DataStructure\Debug\link.read.1.tlog
C:\Users\YXM\Documents\GitHub\DSF\DataStructure\Debug\link.write.1.tlog
C:\Users\YXM\Documents\GitHub\DSF\DataStructure\Debug\link-cvtres.read.1.tlog
C:\Users\YXM\Documents\GitHub\DSF\DataStructure\Debug\link-cvtres.write.1.tlog
C:\Users\YXM\Documents\GitHub\DSF\DataStructure\Debug\mt.command.1.tlog
C:\Users\YXM\Documents\GitHub\DSF\DataStructure\Debug\mt.read.1.tlog
C:\Users\YXM\Documents\GitHub\DSF\DataStructure\Debug\mt.write.1.tlog
C:\Users\YXM\Documents\GitHub\DSF\DataStructure\Debug\rc.command.1.tlog
C:\Users\YXM\Documents\GitHub\DSF\DataStructure\Debug\rc.read.1.tlog
C:\Users\YXM\Documents\GitHub\DSF\DataStructure\Debug\rc.write.1.tlog
C:\USERS\YXM\DOCUMENTS\GITHUB\DSF\DATASTRUCTURE\DEBUG\TREE.OBJ
C:\Users\YXM\Documents\GitHub\DSF\DataStructure\Debug\vc100.idb
C:\USERS\YXM\DOCUMENTS\GITHUB\DSF\DATASTRUCTURE\DEBUG\VC100.PDB
C:\USERS\YXM\DOCUMENTS\GITHUB\DSF\DEBUG\DATASTRUCTURE.EXE
C:\USERS\YXM\DOCUMENTS\GITHUB\DSF\DEBUG\DATASTRUCTURE.ILK
C:\USERS\YXM\DOCUMENTS\GITHUB\DSF\DEBUG\DATASTRUCTURE.PDB
